github.com/novoseltcev/passkeeper/cmd/server/cmd.go:22:						Cmd			0.0%
github.com/novoseltcev/passkeeper/cmd/server/cmd.go:76:						initFlags		0.0%
github.com/novoseltcev/passkeeper/cmd/server/main.go:16:					init			0.0%
github.com/novoseltcev/passkeeper/cmd/server/main.go:30:					main			0.0%
github.com/novoseltcev/passkeeper/internal/app/app.go:39:					New			0.0%
github.com/novoseltcev/passkeeper/internal/app/app.go:57:					Run			0.0%
github.com/novoseltcev/passkeeper/internal/app/app.go:103:					getRootHandler		0.0%
github.com/novoseltcev/passkeeper/internal/app/auth/utils.go:13:				GetUserID		75.0%
github.com/novoseltcev/passkeeper/internal/app/config.go:32:					LoadEnv			0.0%
github.com/novoseltcev/passkeeper/internal/controllers/http/common/response/base.go:9:		NewSuccess		100.0%
github.com/novoseltcev/passkeeper/internal/controllers/http/common/response/base.go:16:		NewError		100.0%
github.com/novoseltcev/passkeeper/internal/controllers/http/common/response/created.go:7:	NewCreate		100.0%
github.com/novoseltcev/passkeeper/internal/controllers/http/common/response/errors.go:9:	NewValidationError	100.0%
github.com/novoseltcev/passkeeper/internal/controllers/http/common/response/paginated.go:15:	NewPaginated		100.0%
github.com/novoseltcev/passkeeper/internal/controllers/http/srv/ping.go:9:			Ping			100.0%
github.com/novoseltcev/passkeeper/internal/controllers/http/srv/router.go:8:			AddRoutes		100.0%
github.com/novoseltcev/passkeeper/internal/controllers/http/v1/router.go:13:			AddRoutes		0.0%
github.com/novoseltcev/passkeeper/internal/controllers/http/v1/secrets/add.go:16:		addSecret		100.0%
github.com/novoseltcev/passkeeper/internal/controllers/http/v1/secrets/add.go:49:		AddPassword		100.0%
github.com/novoseltcev/passkeeper/internal/controllers/http/v1/secrets/add.go:61:		AddCard			100.0%
github.com/novoseltcev/passkeeper/internal/controllers/http/v1/secrets/add.go:75:		AddText			100.0%
github.com/novoseltcev/passkeeper/internal/controllers/http/v1/secrets/add.go:86:		AddFile			100.0%
github.com/novoseltcev/passkeeper/internal/controllers/http/v1/secrets/delete.go:14:		Delete			100.0%
github.com/novoseltcev/passkeeper/internal/controllers/http/v1/secrets/get_by_id.go:16:		GetByID			100.0%
github.com/novoseltcev/passkeeper/internal/controllers/http/v1/secrets/get_page.go:15:		GetPage			100.0%
github.com/novoseltcev/passkeeper/internal/controllers/http/v1/secrets/routes.go:9:		AddRoutes		100.0%
github.com/novoseltcev/passkeeper/internal/controllers/http/v1/secrets/update.go:16:		updateSecret		100.0%
github.com/novoseltcev/passkeeper/internal/controllers/http/v1/secrets/update.go:54:		UpdatePassword		100.0%
github.com/novoseltcev/passkeeper/internal/controllers/http/v1/secrets/update.go:66:		UpdateCard		100.0%
github.com/novoseltcev/passkeeper/internal/controllers/http/v1/secrets/update.go:80:		UpdateText		100.0%
github.com/novoseltcev/passkeeper/internal/controllers/http/v1/secrets/update.go:91:		UpdateFile		100.0%
github.com/novoseltcev/passkeeper/internal/controllers/http/v1/user/login.go:15:		Login			100.0%
github.com/novoseltcev/passkeeper/internal/controllers/http/v1/user/register.go:15:		Register		100.0%
github.com/novoseltcev/passkeeper/internal/controllers/http/v1/user/router.go:10:		AddRoutes		100.0%
github.com/novoseltcev/passkeeper/internal/controllers/http/v1/user/verify.go:15:		Verify			100.0%
github.com/novoseltcev/passkeeper/internal/domains/secrets/data.go:15:				ToString		0.0%
github.com/novoseltcev/passkeeper/internal/domains/secrets/data.go:19:				SecretType		0.0%
github.com/novoseltcev/passkeeper/internal/domains/secrets/data.go:31:				ToString		0.0%
github.com/novoseltcev/passkeeper/internal/domains/secrets/data.go:38:				SecretType		0.0%
github.com/novoseltcev/passkeeper/internal/domains/secrets/data.go:47:				ToString		0.0%
github.com/novoseltcev/passkeeper/internal/domains/secrets/data.go:51:				SecretType		0.0%
github.com/novoseltcev/passkeeper/internal/domains/secrets/data.go:61:				ToString		0.0%
github.com/novoseltcev/passkeeper/internal/domains/secrets/data.go:65:				SecretType		0.0%
github.com/novoseltcev/passkeeper/internal/domains/secrets/service.go:16:			NewPage			0.0%
github.com/novoseltcev/passkeeper/internal/domains/secrets/service.go:94:			NewService		100.0%
github.com/novoseltcev/passkeeper/internal/domains/secrets/service.go:102:			Get			100.0%
github.com/novoseltcev/passkeeper/internal/domains/secrets/service.go:106:			GetPage			100.0%
github.com/novoseltcev/passkeeper/internal/domains/secrets/service.go:112:			Create			100.0%
github.com/novoseltcev/passkeeper/internal/domains/secrets/service.go:128:			Update			100.0%
github.com/novoseltcev/passkeeper/internal/domains/secrets/service.go:158:			Delete			100.0%
github.com/novoseltcev/passkeeper/internal/domains/secrets/service.go:167:			getMySecret		100.0%
github.com/novoseltcev/passkeeper/internal/domains/secrets/service.go:184:			checkPassphrase		100.0%
github.com/novoseltcev/passkeeper/internal/domains/secrets/service.go:197:			loadAndCheckOwner	100.0%
github.com/novoseltcev/passkeeper/internal/domains/user/service.go:46:				NewService		100.0%
github.com/novoseltcev/passkeeper/internal/domains/user/service.go:50:				Login			100.0%
github.com/novoseltcev/passkeeper/internal/domains/user/service.go:72:				Register		100.0%
github.com/novoseltcev/passkeeper/internal/domains/user/service.go:95:				VerifyPassphrase	100.0%
github.com/novoseltcev/passkeeper/internal/middleware/jwt.go:18:				JWT			100.0%
github.com/novoseltcev/passkeeper/internal/middleware/jwt.go:45:				lookupToken		100.0%
github.com/novoseltcev/passkeeper/internal/models/secret.go:15:					String			83.3%
github.com/novoseltcev/passkeeper/internal/models/secret.go:40:					NewSecret		100.0%
github.com/novoseltcev/passkeeper/internal/models/user.go:13:					NewUser			100.0%
github.com/novoseltcev/passkeeper/internal/repo/secret.go:27:					ToDomain		100.0%
github.com/novoseltcev/passkeeper/internal/repo/secret.go:39:					NewSecretRepository	100.0%
github.com/novoseltcev/passkeeper/internal/repo/secret.go:43:					GetOwner		100.0%
github.com/novoseltcev/passkeeper/internal/repo/secret.go:63:					Get			100.0%
github.com/novoseltcev/passkeeper/internal/repo/secret.go:83:					GetPage			90.9%
github.com/novoseltcev/passkeeper/internal/repo/secret.go:114:					Create			100.0%
github.com/novoseltcev/passkeeper/internal/repo/secret.go:129:					Update			100.0%
github.com/novoseltcev/passkeeper/internal/repo/secret.go:139:					Delete			100.0%
github.com/novoseltcev/passkeeper/internal/repo/token.go:26:					NewTokenRepository	100.0%
github.com/novoseltcev/passkeeper/internal/repo/token.go:30:					Load			100.0%
github.com/novoseltcev/passkeeper/internal/repo/token.go:53:					Store			100.0%
github.com/novoseltcev/passkeeper/internal/repo/user.go:27:					NewUserRepository	100.0%
github.com/novoseltcev/passkeeper/internal/repo/user.go:31:					GetByID			100.0%
github.com/novoseltcev/passkeeper/internal/repo/user.go:55:					GetByLogin		85.7%
github.com/novoseltcev/passkeeper/internal/repo/user.go:79:					CreateAccount		100.0%
github.com/novoseltcev/passkeeper/pkg/aes/aes.go:24:						New			100.0%
github.com/novoseltcev/passkeeper/pkg/aes/aes.go:33:						Encrypt			78.6%
github.com/novoseltcev/passkeeper/pkg/aes/aes.go:62:						Decrypt			85.7%
github.com/novoseltcev/passkeeper/pkg/aes/aes.go:88:						expandKey		75.0%
github.com/novoseltcev/passkeeper/pkg/httpserver/options.go:11:					WithAddr		100.0%
github.com/novoseltcev/passkeeper/pkg/httpserver/options.go:18:					WithReadTimeout		100.0%
github.com/novoseltcev/passkeeper/pkg/httpserver/options.go:25:					WithTLS			0.0%
github.com/novoseltcev/passkeeper/pkg/httpserver/server.go:22:					New			100.0%
github.com/novoseltcev/passkeeper/pkg/httpserver/server.go:40:					Notify			100.0%
github.com/novoseltcev/passkeeper/pkg/httpserver/server.go:44:					Shutdown		100.0%
github.com/novoseltcev/passkeeper/pkg/httpserver/server.go:48:					Run			75.0%
github.com/novoseltcev/passkeeper/pkg/jwtmanager/errors.go:28:					NewParseError		100.0%
github.com/novoseltcev/passkeeper/pkg/jwtmanager/errors.go:32:					Is			83.3%
github.com/novoseltcev/passkeeper/pkg/jwtmanager/manager.go:38:					New			100.0%
github.com/novoseltcev/passkeeper/pkg/jwtmanager/manager.go:55:					GenerateToken		92.3%
github.com/novoseltcev/passkeeper/pkg/jwtmanager/manager.go:89:					parse			100.0%
github.com/novoseltcev/passkeeper/pkg/jwtmanager/manager.go:132:				ParseToken		100.0%
github.com/novoseltcev/passkeeper/pkg/jwtmanager/options.go:12:					WithExpiration		100.0%
github.com/novoseltcev/passkeeper/pkg/jwtmanager/options.go:19:					WithIssuer		100.0%
github.com/novoseltcev/passkeeper/pkg/jwtmanager/options.go:26:					WithAlgorithm		100.0%
github.com/novoseltcev/passkeeper/pkg/jwtmanager/options.go:33:					WithTokenStorage	100.0%
github.com/novoseltcev/passkeeper/pkg/pwdhash/bcrypt.go:15:					NewBCrypt		100.0%
github.com/novoseltcev/passkeeper/pkg/pwdhash/bcrypt.go:22:					Generate		100.0%
github.com/novoseltcev/passkeeper/pkg/pwdhash/bcrypt.go:32:					Compare			100.0%
github.com/novoseltcev/passkeeper/pkg/testutils/helpers/pg.go:24:				SetupDB			100.0%
total:												(statements)		83.2%
